<?xml version="1.0" encoding="UTF-8"?>
<!-- Generated by org.testng.reporters.JUnitReportReporter -->
<testsuite hostname="Sumit-PC" failures="0" tests="1" name="API_CRUD.Cookies" time="6.715" errors="0" timestamp="2024-09-14T23:03:58 IST" skipped="0">
  <testcase classname="API_CRUD.Cookies" name="getCookies" time="6.715"/>
</testsuite> <!-- API_CRUD.Cookies -->
