<?xml version="1.0" encoding="UTF-8"?>
<!-- Generated by org.testng.reporters.JUnitReportReporter -->
<testsuite hostname="Sumit-PC" failures="0" tests="5" name="API_CRUD.HttpReq1" time="15.860" errors="0" timestamp="2024-09-14T12:44:58 IST" skipped="0">
  <testcase classname="API_CRUD.HttpReq1" name="getSingleUser" time="9.286"/>
  <testcase classname="API_CRUD.HttpReq1" name="getUser" time="2.748"/>
  <testcase classname="API_CRUD.HttpReq1" name="createUser" time="2.394"/>
  <testcase classname="API_CRUD.HttpReq1" name="updateUser" time="0.701"/>
  <testcase classname="API_CRUD.HttpReq1" name="deleteUser" time="0.731"/>
</testsuite> <!-- API_CRUD.HttpReq1 -->
