<?xml version="1.0" encoding="UTF-8"?>
<!-- Generated by org.testng.reporters.JUnitReportReporter -->
<testsuite hostname="Sumit-PC" failures="0" tests="1" name="FakerData.Test0" time="0.350" errors="0" timestamp="2024-09-18T20:02:58 IST" skipped="0">
  <testcase classname="FakerData.Test0" name="testGenerateDummyData" time="0.350"/>
</testsuite> <!-- FakerData.Test0 -->
