<?xml version="1.0" encoding="UTF-8"?>
<!-- Generated by org.testng.reporters.JUnitReportReporter -->
<testsuite hostname="Sumit-PC" failures="0" tests="2" name="API_CRUD.SerializationDeserialisation" time="0.599" errors="0" timestamp="2024-09-16T23:22:34 IST" skipped="0">
  <testcase classname="API_CRUD.SerializationDeserialisation" name="cnvertPojoToJson" time="0.511"/>
  <testcase classname="API_CRUD.SerializationDeserialisation" name="cnverJsonToPojo" time="0.088"/>
</testsuite> <!-- API_CRUD.SerializationDeserialisation -->
