<?xml version="1.0" encoding="UTF-8"?>
<!-- Generated by org.testng.reporters.JUnitReportReporter -->
<testsuite hostname="Sumit-PC" failures="0" tests="1" name="API_CRUD.JSONSchemaValidation" time="2.983" errors="0" timestamp="2024-09-16T22:59:54 IST" skipped="0">
  <testcase classname="API_CRUD.JSONSchemaValidation" name="JsonSchemaValidation" time="2.983"/>
</testsuite> <!-- API_CRUD.JSONSchemaValidation -->
