<?xml version="1.0" encoding="UTF-8"?>
<!-- Generated by org.testng.reporters.JUnitReportReporter -->
<testsuite hostname="Sumit-PC" failures="0" tests="1" name="API_CRUD.PathAndQueryParameter" time="14.436" errors="0" timestamp="2024-09-14T22:28:36 IST" skipped="0">
  <testcase classname="API_CRUD.PathAndQueryParameter" name="testQueryAndPathParameter" time="14.436"/>
</testsuite> <!-- API_CRUD.PathAndQueryParameter -->
