<?xml version="1.0" encoding="UTF-8"?>
<!-- Generated by org.testng.reporters.JUnitReportReporter -->
<testsuite hostname="Sumit-PC" failures="0" tests="2" name="API_CRUD.Headers" time="8.169" errors="0" timestamp="2024-09-16T16:20:56 IST" skipped="0">
  <testcase classname="API_CRUD.Headers" name="getHeaders" time="5.829"/>
  <testcase classname="API_CRUD.Headers" name="getHeaders1" time="2.340"/>
</testsuite> <!-- API_CRUD.Headers -->
