<?xml version="1.0" encoding="UTF-8"?>
<!-- Generated by org.testng.reporters.JUnitReportReporter -->
<testsuite hostname="Sumit-PC" failures="0" tests="1" name="API_CRUD.ParsingJsonResData" time="2.049" errors="0" timestamp="2024-09-16T15:52:01 IST" skipped="0">
  <testcase classname="API_CRUD.ParsingJsonResData" name="testJsonResBody" time="2.049"/>
</testsuite> <!-- API_CRUD.ParsingJsonResData -->
