<?xml version="1.0" encoding="UTF-8"?>
<!-- Generated by org.testng.reporters.JUnitReportReporter -->
<testsuite hostname="Sumit-PC" failures="0" tests="1" name="API_CRUD.multipleFileUpload" time="4.708" errors="0" timestamp="2024-09-16T18:58:28 IST" skipped="0">
  <testcase classname="API_CRUD.multipleFileUpload" name="fileDownload" time="4.708"/>
</testsuite> <!-- API_CRUD.multipleFileUpload -->
