<?xml version="1.0" encoding="UTF-8"?>
<!-- Generated by org.testng.reporters.JUnitReportReporter -->
<testsuite hostname="Sumit-PC" failures="0" tests="1" name="API_CRUD.FileUploadDownload" time="6.980" errors="0" timestamp="2024-09-16T18:26:01 IST" skipped="0">
  <testcase classname="API_CRUD.FileUploadDownload" name="fileUpload" time="6.980"/>
</testsuite> <!-- API_CRUD.FileUploadDownload -->
